3,BEGIN_LOG,1569015800572,15,"EU Megaserver","de","eso.live.5.1"
3,ZONE_CHANGED,1063,"große Psijik-Villa",NONE
4,UNIT_ADDED,1,PLAYER,T,1,0,F,2,7,"","",0,50,931,0,PLAYER_ALLY,F
4881,UNIT_ADDED,268435457,MONSTER,F,0,76887,F,0,0,"Übungsskelett, Humanoid","",0,50,0,0,NEUTRAL,F
4881,ABILITY_INFO,16165,"leichter Angriff","/esoui/art/icons/death_recap_fire_ranged.dds",T,T
4881,MAP_CHANGED,1545,"Grand Psijic Villa","housing/psijicmanor_ext1_base"
4881,BEGIN_CAST,0,F,7957275,16165,1,11017/11017,31922/31922,9867/9867,63/500,0/1000,0,0.5085,0.4377,4.7704,268435457,3007501/3007501,0/0,0/0,0/0,0/0,0,0.5167,0.4375,-1.3146
4882,END_CAST,COMPLETED,7957275,16165
4898,EFFECT_INFO,16165,DEBUFF,NONE,T
4898,EFFECT_CHANGED,GAINED,1,7957275,16165,1,11017/11017,31922/31922,9867/9867,63/500,0/1000,0,0.5085,0.4377,4.7704,268435457,3007501/3007501,0/0,0/0,0/0,0/0,0,0.5167,0.4375,-1.3146
5248,ABILITY_INFO,60371,"kritisches Entziehen","/esoui/art/icons/achievement_101.dds",F,T
5248,COMBAT_EVENT,CRITICAL_HEAL,GENERIC,MAGICKA,0,567,7957309,60371,1,11017/11017,31922/31922,9867/9867,66/500,0/1000,0,0.5085,0.4377,4.7704,*
5248,COMBAT_EVENT,CRITICAL_DAMAGE,FIRE,MAGICKA,5212,0,7957275,16165,1,11017/11017,31922/31922,9867/9867,66/500,0/1000,0,0.5085,0.4377,4.7704,268435457,3002289/3007501,0/0,0/0,0/0,0/0,0,0.5167,0.4375,-1.3146
5248,ABILITY_INFO,46743,"Magickaabsorption","/esoui/art/icons/death_recap_magic_ranged.dds",F,T
5248,COMBAT_EVENT,DAMAGE,MAGIC,MAGICKA,2778,0,7957275,46743,1,11017/11017,31922/31922,9867/9867,66/500,0/1000,0,0.5085,0.4377,4.7704,268435457,2999511/3007501,0/0,0/0,0/0,0/0,0,0.5167,0.4375,-1.3146
5248,EFFECT_CHANGED,FADED,1,7957275,16165,1,11017/11017,31922/31922,9867/9867,66/500,0/1000,0,0.5085,0.4377,4.7704,268435457,2999511/3007501,0/0,0/0,0/0,0/0,0,0.5167,0.4375,-1.3146
5264,BEGIN_COMBAT
5264,ABILITY_INFO,103964,"konzentrierte Barriere","/esoui/art/icons/ability_psijic_010.dds",F,T
5265,EFFECT_INFO,103964,BUFF,NONE,T
5265,ABILITY_INFO,117970,"Syrabanns Segen","/esoui/art/icons/ability_armor_004.dds",T,T
5265,EFFECT_INFO,117970,BUFF,NONE,T
5265,ABILITY_INFO,64079,"Bollwerk","/esoui/art/icons/ability_mage_065.dds",F,T
5265,EFFECT_INFO,64079,BUFF,NONE,T
5265,ABILITY_INFO,63850,"Dickhäutig","/esoui/art/icons/ability_mage_065.dds",F,T
5265,EFFECT_INFO,63850,BUFF,NONE,T
5265,ABILITY_INFO,63848,"Elementarexperte","/esoui/art/icons/ability_sorcerer_062.dds",F,T
5265,EFFECT_INFO,63848,BUFF,NONE,T
5265,ABILITY_INFO,60503,"Stabexperte","/esoui/art/icons/ability_weapon_019.dds",F,T
5265,EFFECT_INFO,60503,BUFF,NONE,T
5265,ABILITY_INFO,60494,"Inspiration","/esoui/art/icons/ability_mage_065.dds",F,T
5265,EFFECT_INFO,60494,BUFF,NONE,T
5265,ABILITY_INFO,55386,"unerschrockener Eifer","/esoui/art/icons/ability_armor_014.dds",F,T
5265,EFFECT_INFO,55386,BUFF,NONE,T
5265,ABILITY_INFO,45561,"Wunderkind","/esoui/art/icons/ability_sorcerer_038.dds",T,T
5265,EFFECT_INFO,45561,BUFF,NONE,T
5265,ABILITY_INFO,45533,"Entschlossenheit","/esoui/art/icons/ability_dragonknight_020.dds",T,T
5265,EFFECT_INFO,45533,BUFF,NONE,T
5265,ABILITY_INFO,60370,"kritisches Entziehen","/esoui/art/icons/ability_mage_065.dds",F,T
5265,EFFECT_INFO,60370,BUFF,NONE,T
5265,ABILITY_INFO,55676,"unerschrockenes Gebot","/esoui/art/icons/ability_templar_003.dds",T,T
5265,EFFECT_INFO,55676,BUFF,NONE,T
5265,ABILITY_INFO,35965,"Hochgeboren","/esoui/art/icons/ability_templar_032.dds",T,T
5265,EFFECT_INFO,35965,BUFF,NONE,T
5265,ABILITY_INFO,45200,"daedrischer Schutz","/esoui/art/icons/ability_sorcerer_022.dds",T,T
5265,EFFECT_INFO,45200,BUFF,NONE,T
5265,ABILITY_INFO,103972,"Bedacht","/esoui/art/icons/ability_psijic_011.dds",F,T
5265,EFFECT_INFO,103972,BUFF,NONE,T
5265,ABILITY_INFO,103811,"Hellsicht","/esoui/art/icons/ability_psijic_008.dds",F,T
5266,EFFECT_INFO,103811,BUFF,NONE,T
5266,ABILITY_INFO,92134,"Waffenmeister","/esoui/art/icons/ability_armor_011.dds",F,T
5266,EFFECT_INFO,92134,BUFF,NONE,T
5266,ABILITY_INFO,63880,"Ausnutzer","/esoui/art/icons/ability_mage_065.dds",F,T
5266,EFFECT_INFO,63880,BUFF,NONE,T
5266,ABILITY_INFO,63109,"Zauberabsorption","/esoui/art/icons/ability_mage_065.dds",F,T
5266,EFFECT_INFO,63109,BUFF,NONE,T
5266,ABILITY_INFO,61680,"Elfenblut","/esoui/art/icons/perks_fighters_guild_002.dds",F,T
5266,EFFECT_INFO,61680,BUFF,NONE,T
5266,ABILITY_INFO,59418,"perfekter Schlag","/esoui/art/icons/ability_weapon_024.dds",T,T
5266,EFFECT_INFO,59418,BUFF,NONE,T
5266,ABILITY_INFO,45559,"Zauberschutz","/esoui/art/icons/ability_armor_006.dds",T,T
5266,EFFECT_INFO,45559,BUFF,NONE,T
5266,ABILITY_INFO,45562,"Konzentration","/esoui/art/icons/ability_sorcerer_060.dds",T,T
5266,EFFECT_INFO,45562,BUFF,NONE,T
5266,ABILITY_INFO,45276,"Elementargeschick","/esoui/art/icons/ability_armor_005.dds",T,T
5266,EFFECT_INFO,45276,BUFF,NONE,T
5266,ABILITY_INFO,45188,"Kondensator","/esoui/art/icons/ability_sorcerer_013.dds",T,T
5266,EFFECT_INFO,45188,BUFF,NONE,T
5266,ABILITY_INFO,45546,"Koloss","/esoui/art/icons/ability_armor_012.dds",T,T
5266,EFFECT_INFO,45546,BUFF,NONE,T
5266,ABILITY_INFO,45583,"Seelenbruch","/esoui/art/icons/ability_sorcerer_065.dds",F,T
5267,EFFECT_INFO,45583,BUFF,NONE,T
5267,ABILITY_INFO,29062,"einschüchternde Präsenz","/esoui/art/icons/ability_templar_003.dds",F,T
5267,EFFECT_INFO,29062,BUFF,NONE,T
5267,ABILITY_INFO,63875,"Synergetiker","/esoui/art/icons/ability_mage_065.dds",F,T
5267,EFFECT_INFO,63875,BUFF,NONE,T
5267,ABILITY_INFO,63843,"Elementarverteidiger","/esoui/art/icons/ability_sorcerer_010.dds",F,T
5267,EFFECT_INFO,63843,BUFF,NONE,T
5267,ABILITY_INFO,63104,"Vergeltung","/esoui/art/icons/ability_weapon_021.dds",T,T
5267,EFFECT_INFO,63104,BUFF,NONE,T
5267,ABILITY_INFO,45557,"Anrufung","/esoui/art/icons/ability_armor_005.dds",F,T
5267,EFFECT_INFO,45557,BUFF,NONE,T
5267,ABILITY_INFO,45199,"Meisterbeschwörer","/esoui/art/icons/ability_sorcerer_019.dds",T,T
5267,EFFECT_INFO,45199,BUFF,NONE,T
5267,ABILITY_INFO,59526,"Vorblick","/esoui/art/icons/ability_mage_065.dds",T,T
5267,EFFECT_INFO,59526,BUFF,NONE,T
5267,ABILITY_INFO,45607,"Macht der Gilde","/esoui/art/icons/ability_sorcerer_038.dds",T,T
5267,EFFECT_INFO,45607,BUFF,NONE,T
5267,ABILITY_INFO,45176,"unheiliges Wissen","/esoui/art/icons/ability_sorcerer_045.dds",F,T
5267,EFFECT_INFO,45176,BUFF,NONE,T
5267,ABILITY_INFO,45564,"Geschicklichkeit","/esoui/art/icons/ability_armor_008.dds",T,T
5267,EFFECT_INFO,45564,BUFF,NONE,T
5267,ABILITY_INFO,103878,"Magiesphäre","/esoui/art/icons/ability_psijic_009.dds",F,T
5267,EFFECT_INFO,103878,BUFF,NONE,T
5267,ABILITY_INFO,63847,"Thaumaturg","/esoui/art/icons/ability_sorcerer_062.dds",F,T
5267,EFFECT_INFO,63847,BUFF,NONE,T
5267,ABILITY_INFO,61660,"Ausdauernd","/esoui/art/icons/ability_mage_065.dds",F,T
5267,EFFECT_INFO,61660,BUFF,NONE,T
5267,ABILITY_INFO,59577,"Arkanist","/esoui/art/icons/ability_mage_065.dds",F,T
5267,EFFECT_INFO,59577,BUFF,NONE,T
5267,ABILITY_INFO,45603,"Magickabezwinger","/esoui/art/icons/ability_sorcerer_044.dds",F,T
5267,EFFECT_INFO,45603,BUFF,NONE,T
5267,ABILITY_INFO,45601,"Magieadept","/esoui/art/icons/ability_sorcerer_045.dds",T,T
5268,EFFECT_INFO,45601,BUFF,NONE,T
5268,ABILITY_INFO,45569,"Heilkenntnis","/esoui/art/icons/ability_alchemy_004.dds",T,T
5268,EFFECT_INFO,45569,BUFF,NONE,T
5268,ABILITY_INFO,45196,"Fels der Macht","/esoui/art/icons/ability_sorcerer_057.dds",T,T
5268,EFFECT_INFO,45196,BUFF,NONE,T
5268,ABILITY_INFO,45165,"Persistenz","/esoui/art/icons/ability_sorcerer_054.dds",T,T
5268,EFFECT_INFO,45165,BUFF,NONE,T
5268,ABILITY_INFO,45195,"Magieexperte","/esoui/art/icons/ability_sorcerer_044.dds",T,T
5268,EFFECT_INFO,45195,BUFF,NONE,T
5268,ABILITY_INFO,45181,"Ausnutzen","/esoui/art/icons/ability_sorcerer_039.dds",F,T
5268,EFFECT_INFO,45181,BUFF,NONE,T
5268,ABILITY_INFO,63844,"Abgehärtet","/esoui/art/icons/ability_sorcerer_010.dds",F,T
5268,EFFECT_INFO,63844,BUFF,NONE,T
5268,ABILITY_INFO,63111,"arkane Quelle","/esoui/art/icons/ability_mage_065.dds",F,T
5268,EFFECT_INFO,63111,BUFF,NONE,T
5268,ABILITY_INFO,60229,"Erwidern","/esoui/art/icons/ability_mage_065.dds",F,T
5268,EFFECT_INFO,60229,BUFF,NONE,T
5268,ABILITY_INFO,62760,"Magieschild","/esoui/art/icons/ability_sorcerer_010.dds",F,T
5268,EFFECT_INFO,62760,BUFF,NONE,T
5268,ABILITY_INFO,59626,"Magiepräzision","/esoui/art/icons/ability_mage_065.dds",F,T
5268,EFFECT_INFO,59626,BUFF,NONE,T
5268,ABILITY_INFO,45274,"Magierückerlangung","/esoui/art/icons/ability_sorcerer_063.dds",T,T
5268,EFFECT_INFO,45274,BUFF,NONE,T
5268,ABILITY_INFO,45549,"Anmut","/esoui/art/icons/ability_armor_004.dds",F,T
5268,EFFECT_INFO,45549,BUFF,NONE,T
5268,ABILITY_INFO,45526,"Konstitution","/esoui/art/icons/ability_armor_014.dds",F,T
5268,EFFECT_INFO,45526,BUFF,NONE,T
5268,ABILITY_INFO,63150,"Rache","/esoui/art/icons/ability_mage_065.dds",T,T
5268,EFFECT_INFO,63150,BUFF,NONE,T
5268,ABILITY_INFO,61555,"Magieerosion","/esoui/art/icons/ability_weapon_016.dds",F,T
5268,EFFECT_INFO,61555,BUFF,NONE,T
5268,ABILITY_INFO,45602,"immerwährende Magie","/esoui/art/icons/ability_sorcerer_063.dds",T,T
5268,EFFECT_INFO,45602,BUFF,NONE,T
5268,ABILITY_INFO,45172,"Blutmagie","/esoui/art/icons/ability_sorcerer_026.dds",F,T
5269,EFFECT_INFO,45172,BUFF,NONE,T
5269,ABILITY_INFO,92423,"Unangreifbar","/esoui/art/icons/ability_armor_011.dds",F,T
5269,EFFECT_INFO,92423,BUFF,NONE,T
5269,ABILITY_INFO,45190,"Ladung","/esoui/art/icons/ability_sorcerer_015.dds",F,T
5269,EFFECT_INFO,45190,BUFF,NONE,T
5269,ABILITY_INFO,39255,"Magickahilfe","/esoui/art/icons/ability_sorcerer_038.dds",F,T
5269,EFFECT_INFO,39255,BUFF,NONE,T
5269,ABILITY_INFO,13982,"Segen: Der Atronach","/esoui/art/icons/ability_mundusstones_009.dds",T,T
5269,EFFECT_INFO,13982,BUFF,NONE,F
5269,ABILITY_INFO,26750,"Verringerte Magickakosten","/esoui/art/icons/ability_mage_065.dds",F,T
5269,EFFECT_INFO,26750,BUFF,NONE,T
5269,ABILITY_INFO,102125,"Zaan","/esoui/art/icons/ability_mage_062.dds",F,T
5269,EFFECT_INFO,102125,BUFF,NONE,T
5269,ABILITY_INFO,60418,"Branntzauberweber","/esoui/art/icons/ability_mage_065.dds",F,T
5269,EFFECT_INFO,60418,BUFF,NONE,T
5269,ABILITY_INFO,15594,"Geschick","/esoui/art/icons/icon_missing.dds",T,T
5269,EFFECT_INFO,15594,BUFF,NONE,T
5269,ABILITY_INFO,45513,"uraltes Wissen","/esoui/art/icons/ability_weapon_003.dds",F,T
5269,EFFECT_INFO,45513,BUFF,NONE,T
5269,ABILITY_INFO,45509,"durchdringende Magie","/esoui/art/icons/ability_weapon_008.dds",T,T
5269,EFFECT_INFO,45509,BUFF,NONE,T
5269,ABILITY_INFO,45500,"Trifokus","/esoui/art/icons/ability_weapon_001.dds",F,T
5269,EFFECT_INFO,45500,BUFF,NONE,T
5269,ABILITY_INFO,45514,"Zerstörungsexperte","/esoui/art/icons/ability_weapon_006.dds",F,T
5269,EFFECT_INFO,45514,BUFF,NONE,T
5269,ABILITY_INFO,63601,"ESO Plus-Mitglied","/esoui/art/icons/store_esoplus_01.dds",F,T
5269,EFFECT_INFO,63601,BUFF,NONE,F
5269,ABILITY_INFO,40465,"Sengrune","/esoui/art/icons/ability_mageguild_001_b.dds",F,T
5269,ABILITY_INFO,40457,"Degeneration","/esoui/art/icons/ability_mageguild_004_a.dds",F,T
5269,ABILITY_INFO,38944,"Flammengriff","/esoui/art/icons/ability_destructionstaff_007_b.dds",F,T
5269,ABILITY_INFO,46324,"Kristallfragmente","/esoui/art/icons/ability_sorcerer_thunderstomp.dds",T,T
5269,ABILITY_INFO,23316,"explosiven Begleiter beschwören","/esoui/art/icons/ability_sorcerer_speedy_familiar.dds",T,T
5270,ABILITY_INFO,40493,"Sternschnuppe","/esoui/art/icons/ability_mageguild_005_a.dds",F,T
5270,ABILITY_INFO,24328,"daedrische Beute","/esoui/art/icons/ability_sorcerer_explosive_curse.dds",F,T
5270,ABILITY_INFO,39053,"instabile Feuerwand","/esoui/art/icons/ability_destructionstaff_004_a.dds",F,T
5270,ABILITY_INFO,40382,"Stachelfalle","/esoui/art/icons/ability_fightersguild_004_a.dds",F,T
5270,ABILITY_INFO,29489,"gehärteter Schutz","/esoui/art/icons/ability_sorcerer_typhoon.dds",F,T
5270,ABILITY_INFO,85126,"feuriger Zorn","/esoui/art/icons/ability_destructionstaff_013_b.dds",F,T
5270,PLAYER_INFO,1,[103964,117970,64079,63850,63848,60503,60494,55386,45561,45533,60370,55676,35965,45200,103972,103811,92134,63880,63109,61680,59418,45559,45562,45276,45188,45546,45583,29062,63875,63843,63104,45557,45199,59526,45607,45176,45564,103878,63847,61660,59577,45603,45601,45569,45196,45165,45195,45181,63844,63111,60229,62760,59626,45274,45549,45526,63150,61555,45602,45172,92423,45190,39255,13982,26750,102125,60418,15594,45513,45509,45500,45514,63601],[1,1,1,1,1,1,1,1,1,1,1,1,1,1,1,1,1,1,1,1,1,1,1,1,1,1,1,1,1,1,1,1,1,1,1,1,1,1,1,1,1,1,1,1,1,1,1,1,1,1,1,1,1,1,1,1,1,1,1,1,1,1,1,1,1,1,1,1,1,1,1,1,1],[[HEAD,129550,T,16,ARMOR_DIVINES,LEGENDARY,350,MAGICKA,T,16,LEGENDARY],[NECK,104483,T,16,JEWELRY_ARCANE,ARTIFACT,160,INCREASE_SPELL_DAMAGE,T,16,LEGENDARY],[CHEST,97253,T,16,ARMOR_DIVINES,LEGENDARY,292,MAGICKA,T,16,LEGENDARY],[SHOULDERS,129541,T,16,ARMOR_REINFORCED,LEGENDARY,350,MAGICKA,T,16,LEGENDARY],[MAIN_HAND,104515,T,16,WEAPON_PRECISE,LEGENDARY,160,FIERY_WEAPON,T,16,LEGENDARY],[WAIST,97260,T,16,ARMOR_DIVINES,LEGENDARY,292,MAGICKA,T,16,LEGENDARY],[LEGS,97257,T,16,ARMOR_DIVINES,LEGENDARY,292,MAGICKA,T,16,LEGENDARY],[FEET,97254,T,16,ARMOR_DIVINES,LEGENDARY,292,MAGICKA,T,16,LEGENDARY],[RING1,23710,T,16,JEWELRY_ARCANE,ARTIFACT,160,REDUCE_SPELL_COST,T,16,ARTIFACT],[RING2,104482,T,16,JEWELRY_ARCANE,ARTIFACT,160,INCREASE_SPELL_DAMAGE,T,16,LEGENDARY],[HAND,97255,T,16,ARMOR_DIVINES,LEGENDARY,292,MAGICKA,T,16,LEGENDARY],[BACKUP_MAIN,104555,T,16,WEAPON_INFUSED,LEGENDARY,160,ABSORB_MAGICKA,T,16,LEGENDARY]],[40465,40457,38944,46324,23316,40493],[24328,39053,40382,29489,23316,85126]
6881,UNIT_CHANGED,268435457,0,0,"Übungsskelett, Humanoid","",0,50,0,0,HOSTILE,F
6881,BEGIN_CAST,0,F,7957911,16165,1,11017/11017,31922/31922,9867/9867,69/500,0/1000,0,0.5085,0.4377,4.7704,268435457,2999511/3007501,0/0,0/0,0/0,0/0,0,0.5167,0.4375,-1.3146
6881,END_CAST,COMPLETED,7957911,16165
6898,EFFECT_CHANGED,GAINED,1,7957911,16165,1,11017/11017,31922/31922,9867/9867,69/500,0/1000,0,0.5085,0.4377,4.7704,268435457,2999511/3007501,0/0,0/0,0/0,0/0,0,0.5167,0.4375,-1.3146
7264,COMBAT_EVENT,DAMAGE,FIRE,MAGICKA,3011,0,7957911,16165,1,11017/11017,31922/31922,9867/9867,72/500,0/1000,0,0.5085,0.4377,4.7704,268435457,2996500/3007501,0/0,0/0,0/0,0/0,0,0.5167,0.4375,-1.3146
7264,COMBAT_EVENT,CRITICAL_DAMAGE,MAGIC,MAGICKA,4777,0,7957911,46743,1,11017/11017,31922/31922,9867/9867,72/500,0/1000,0,0.5085,0.4377,4.7704,268435457,2991723/3007501,0/0,0/0,0/0,0/0,0,0.5167,0.4375,-1.3146
7265,EFFECT_CHANGED,FADED,1,7957911,16165,1,11017/11017,31922/31922,9867/9867,72/500,0/1000,0,0.5085,0.4377,4.7704,268435457,2991723/3007501,0/0,0/0,0/0,0/0,0,0.5167,0.4375,-1.3146
8931,BEGIN_CAST,0,F,7958495,16165,1,11017/11017,31922/31922,9867/9867,78/500,0/1000,0,0.5085,0.4377,4.7704,268435457,2991723/3007501,0/0,0/0,0/0,0/0,0,0.5167,0.4375,-1.3146
8931,END_CAST,COMPLETED,7958495,16165
8948,EFFECT_CHANGED,GAINED,1,7958495,16165,1,11017/11017,31922/31922,9867/9867,78/500,0/1000,0,0.5085,0.4377,4.7704,268435457,2991723/3007501,0/0,0/0,0/0,0/0,0,0.5167,0.4375,-1.3146
9398,COMBAT_EVENT,CRITICAL_DAMAGE,FIRE,MAGICKA,5179,0,7958495,16165,1,11017/11017,31922/31922,9867/9867,78/500,0/1000,0,0.5085,0.4377,4.7704,268435457,2986544/3007501,0/0,0/0,0/0,0/0,0,0.5167,0.4375,-1.3146
9398,COMBAT_EVENT,DAMAGE,MAGIC,MAGICKA,2778,0,7958495,46743,1,11017/11017,31922/31922,9867/9867,78/500,0/1000,0,0.5085,0.4377,4.7704,268435457,2983766/3007501,0/0,0/0,0/0,0/0,0,0.5167,0.4375,-1.3146
9398,EFFECT_CHANGED,FADED,1,7958495,16165,1,11017/11017,31922/31922,9867/9867,78/500,0/1000,0,0.5085,0.4377,4.7704,268435457,2983766/3007501,0/0,0/0,0/0,0/0,0,0.5167,0.4375,-1.3146
10897,BEGIN_CAST,0,F,7958674,16165,1,11017/11017,31922/31922,9867/9867,81/500,0/1000,0,0.5085,0.4377,4.7704,268435457,2983766/3007501,0/0,0/0,0/0,0/0,0,0.5167,0.4375,-1.3146
10898,END_CAST,COMPLETED,7958674,16165
10931,EFFECT_CHANGED,GAINED,1,7958674,16165,1,11017/11017,31922/31922,9867/9867,84/500,0/1000,0,0.5085,0.4377,4.7704,268435457,2983766/3007501,0/0,0/0,0/0,0/0,0,0.5167,0.4375,-1.3146
11314,COMBAT_EVENT,CRITICAL_HEAL,GENERIC,MAGICKA,0,567,7958718,60371,1,11017/11017,31922/31922,9867/9867,84/500,0/1000,0,0.5085,0.4377,4.7704,*
11314,COMBAT_EVENT,CRITICAL_DAMAGE,FIRE,MAGICKA,5179,0,7958674,16165,1,11017/11017,31922/31922,9867/9867,84/500,0/1000,0,0.5085,0.4377,4.7704,268435457,2978587/3007501,0/0,0/0,0/0,0/0,0,0.5167,0.4375,-1.3146
11314,EFFECT_CHANGED,FADED,1,7958674,16165,1,11017/11017,31922/31922,9867/9867,84/500,0/1000,0,0.5085,0.4377,4.7704,268435457,2978587/3007501,0/0,0/0,0/0,0/0,0,0.5167,0.4375,-1.3146
12731,BEGIN_CAST,0,F,7958929,40382,1,11017/11017,31922/31922,7275/9867,87/500,0/1000,0,0.5085,0.4377,4.8491,*
12731,END_CAST,COMPLETED,7958929,40382
14331,ABILITY_INFO,40389,"Stachelfalle","/esoui/art/icons/ability_fightersguild_004_a.dds",F,T
14331,COMBAT_EVENT,DAMAGE,PHYSICAL,STAMINA,1119,0,7958929,40389,1,11017/11017,31922/31922,7891/9867,93/500,0/1000,0,0.5085,0.4377,4.8491,268435457,2977468/3007501,0/0,0/0,0/0,0/0,0,0.5167,0.4375,-1.3146
14331,ABILITY_INFO,40384,"Stachelfalle","/esoui/art/icons/ability_fightersguild_004_a.dds",T,T
14331,COMBAT_EVENT,IMMUNE,GENERIC,INVALID,177,0,7958929,40384,1,11017/11017,31922/31922,7891/9867,93/500,0/1000,0,0.5085,0.4377,4.8491,268435457,2977468/3007501,0/0,0/0,0/0,0/0,0,0.5167,0.4375,-1.3146
14331,ABILITY_INFO,40385,"Stachelfalle","/esoui/art/icons/ability_fightersguild_004_a.dds",T,F
14331,EFFECT_INFO,40385,DEBUFF,NONE,F
14331,EFFECT_CHANGED,GAINED,1,7958929,40385,1,11017/11017,31922/31922,7891/9867,93/500,0/1000,0,0.5085,0.4377,4.8491,268435457,2977468/3007501,0/0,0/0,0/0,0/0,0,0.5167,0.4375,-1.3146
14331,ABILITY_INFO,68632,"kleinere Kraft","/esoui/art/icons/ability_buff_minor_force.dds",F,T
14331,EFFECT_INFO,68632,BUFF,NONE,F
14331,EFFECT_CHANGED,GAINED,1,7958929,68632,1,11017/11017,31922/31922,7891/9867,93/500,0/1000,0,0.5085,0.4377,4.8491,*
14897,BEGIN_CAST,0,F,7959236,16165,1,11017/11017,31922/31922,8507/9867,93/500,0/1000,0,0.5085,0.4377,4.8197,268435457,2977468/3007501,0/0,0/0,0/0,0/0,0,0.5167,0.4375,-1.3146
14897,END_CAST,COMPLETED,7959236,16165
14914,EFFECT_CHANGED,GAINED,1,7959236,16165,1,11017/11017,31922/31922,8507/9867,93/500,0/1000,0,0.5085,0.4377,4.8197,268435457,2977468/3007501,0/0,0/0,0/0,0/0,0,0.5167,0.4375,-1.3146
15314,COMBAT_EVENT,DAMAGE,FIRE,MAGICKA,3011,0,7959236,16165,1,11017/11017,31922/31922,8507/9867,96/500,0/1000,0,0.5085,0.4377,4.8197,268435457,2974457/3007501,0/0,0/0,0/0,0/0,0,0.5167,0.4375,-1.3146
15314,COMBAT_EVENT,DAMAGE,MAGIC,MAGICKA,2778,0,7959236,46743,1,11017/11017,31922/31922,8507/9867,96/500,0/1000,0,0.5085,0.4377,4.8197,268435457,2971679/3007501,0/0,0/0,0/0,0/0,0,0.5167,0.4375,-1.3146
15314,EFFECT_CHANGED,FADED,1,7959236,16165,1,11017/11017,31922/31922,8507/9867,96/500,0/1000,0,0.5085,0.4377,4.8197,268435457,2971679/3007501,0/0,0/0,0/0,0/0,0,0.5167,0.4375,-1.3146
15331,ABILITY_INFO,102136,"Zaan","/esoui/art/icons/gear_undaunted_dragonpriest_head_a.dds",T,T
15331,COMBAT_EVENT,DOT_TICK,FIRE,MAGICKA,4003,0,7959348,102136,1,11017/11017,31922/31922,8507/9867,96/500,0/1000,0,0.5085,0.4377,4.8197,268435457,2967676/3007501,0/0,0/0,0/0,0/0,0,0.5167,0.4375,-1.3146
15331,EFFECT_INFO,102136,DEBUFF,NONE,F
15331,EFFECT_CHANGED,GAINED,1,7959348,102136,1,11017/11017,31922/31922,8507/9867,96/500,0/1000,0,0.5085,0.4377,4.8197,268435457,2967676/3007501,0/0,0/0,0/0,0/0,0,0.5167,0.4375,-1.3146
15331,ABILITY_INFO,102142,"Zaan","/esoui/art/icons/gear_undaunted_dragonpriest_head_a.dds",F,T
15331,EFFECT_INFO,102142,BUFF,NONE,F
15331,EFFECT_CHANGED,GAINED,1,7959348,102142,1,11017/11017,31922/31922,8507/9867,96/500,0/1000,0,0.5085,0.4377,4.8197,*
16347,COMBAT_EVENT,DOT_TICK,PHYSICAL,STAMINA,947,0,7958929,40385,1,11017/11017,31922/31922,8507/9867,99/500,0/1000,0,0.5085,0.4377,4.8197,268435457,2966729/3007501,0/0,0/0,0/0,0/0,0,0.5167,0.4375,-1.3146
16347,COMBAT_EVENT,DOT_TICK,FIRE,MAGICKA,5302,0,7959348,102136,1,11017/11017,31922/31922,8507/9867,99/500,0/1000,0,0.5085,0.4377,4.8197,268435457,2961427/3007501,0/0,0/0,0/0,0/0,0,0.5167,0.4375,-1.3146
16348,EFFECT_CHANGED,UPDATED,2,7959348,102142,1,11017/11017,31922/31922,8507/9867,99/500,0/1000,0,0.5085,0.4377,4.8197,*
17447,COMBAT_EVENT,DOT_TICK,FIRE,MAGICKA,6602,0,7959348,102136,1,11017/11017,31922/31922,9123/9867,102/500,0/1000,0,0.5085,0.4377,4.8197,268435457,2954825/3007501,0/0,0/0,0/0,0/0,0,0.5167,0.4375,-1.3146
17448,EFFECT_CHANGED,UPDATED,3,7959348,102142,1,11017/11017,31922/31922,9123/9867,102/500,0/1000,0,0.5085,0.4377,4.8197,*
18364,COMBAT_EVENT,DOT_TICK,PHYSICAL,STAMINA,947,0,7958929,40385,1,11017/11017,31922/31922,9123/9867,105/500,0/1000,0,0.5085,0.4377,4.8197,268435457,2953878/3007501,0/0,0/0,0/0,0/0,0,0.5167,0.4375,-1.3146
18364,COMBAT_EVENT,DOT_TICK,FIRE,MAGICKA,7902,0,7959348,102136,1,11017/11017,31922/31922,9123/9867,105/500,0/1000,0,0.5085,0.4377,4.8197,268435457,2945976/3007501,0/0,0/0,0/0,0/0,0,0.5167,0.4375,-1.3146
18364,EFFECT_CHANGED,UPDATED,4,7959348,102142,1,11017/11017,31922/31922,9123/9867,105/500,0/1000,0,0.5085,0.4377,4.8197,*
19347,COMBAT_EVENT,DOT_TICK,FIRE,MAGICKA,9201,0,7959348,102136,1,11017/11017,31922/31922,9739/9867,108/500,0/1000,0,0.5085,0.4377,4.8197,268435457,2936775/3007501,0/0,0/0,0/0,0/0,0,0.5167,0.4375,-1.3146
19347,EFFECT_CHANGED,UPDATED,5,7959348,102142,1,11017/11017,31922/31922,9739/9867,108/500,0/1000,0,0.5085,0.4377,4.8197,*
20397,COMBAT_EVENT,DOT_TICK,PHYSICAL,STAMINA,947,0,7958929,40385,1,11017/11017,31922/31922,9739/9867,111/500,0/1000,0,0.5085,0.4377,4.8197,268435457,2935828/3007501,0/0,0/0,0/0,0/0,0,0.5167,0.4375,-1.3146
20397,COMBAT_EVENT,DOT_TICK,FIRE,MAGICKA,10501,0,7959348,102136,1,11017/11017,31922/31922,9739/9867,111/500,0/1000,0,0.5085,0.4377,4.8197,268435457,2925327/3007501,0/0,0/0,0/0,0/0,0,0.5167,0.4375,-1.3146
20398,EFFECT_CHANGED,UPDATED,6,7959348,102142,1,11017/11017,31922/31922,9739/9867,111/500,0/1000,0,0.5085,0.4377,4.8197,*
20398,EFFECT_CHANGED,FADED,1,7959348,102136,1,11017/11017,31922/31922,9739/9867,111/500,0/1000,0,0.5085,0.4377,4.8197,268435457,2925327/3007501,0/0,0/0,0/0,0/0,0,0.5167,0.4375,-1.3146
20414,EFFECT_CHANGED,FADED,6,7959348,102142,1,11017/11017,31922/31922,9739/9867,111/500,0/1000,0,0.5085,0.4377,4.8197,*
22314,COMBAT_EVENT,DOT_TICK_CRITICAL,PHYSICAL,STAMINA,1515,0,7958929,40385,1,11017/11017,31922/31922,9867/9867,117/500,0/1000,0,0.5085,0.4377,4.8197,268435457,2923812/3007501,0/0,0/0,0/0,0/0,0,0.5167,0.4375,-1.3146
24347,COMBAT_EVENT,DOT_TICK,PHYSICAL,STAMINA,947,0,7958929,40385,1,11017/11017,31922/31922,9867/9867,120/500,0/1000,0,0.5085,0.4377,4.8197,268435457,2922865/3007501,0/0,0/0,0/0,0/0,0,0.5167,0.4375,-1.3146
26364,COMBAT_EVENT,DOT_TICK,PHYSICAL,STAMINA,947,0,7958929,40385,1,11017/11017,31922/31922,9867/9867,120/500,0/1000,0,0.5085,0.4377,4.8197,268435457,2921918/3007501,0/0,0/0,0/0,0/0,0,0.5167,0.4375,-1.3146
26364,EFFECT_CHANGED,FADED,1,7958929,40385,1,11017/11017,31922/31922,9867/9867,120/500,0/1000,0,0.5085,0.4377,4.8197,268435457,2921918/3007501,0/0,0/0,0/0,0/0,0,0.5167,0.4375,-1.3146
26431,EFFECT_CHANGED,FADED,1,7958929,68632,1,11017/11017,31922/31922,9867/9867,120/500,0/1000,0,0.5085,0.4377,4.8197,*
36447,END_COMBAT
41683,END_LOG
